{
  "/Users/ericvascon/Projects/personal/soterrenos/frontend/src/components/Avatar/index.tsx": {
    "path": "/Users/ericvascon/Projects/personal/soterrenos/frontend/src/components/Avatar/index.tsx",
    "statementMap": {
      "0": {
        "start": { "line": 2, "column": 0 },
        "end": { "line": 2, "column": 31 }
      },
      "1": {
        "start": { "line": 4, "column": 0 },
        "end": { "line": 4, "column": 28 }
      },
      "2": {
        "start": { "line": 7, "column": 51 },
        "end": { "line": 11, "column": 2 }
      },
      "3": {
        "start": { "line": 13, "column": 35 },
        "end": { "line": 58, "column": 1 }
      },
      "4": {
        "start": { "line": 17, "column": 13 },
        "end": { "line": 17, "column": null }
      },
      "5": {
        "start": { "line": 18, "column": 9 },
        "end": { "line": 19, "column": 3 }
      },
      "6": {
        "start": { "line": 21, "column": 4 },
        "end": { "line": 21, "column": 68 }
      },
      "7": {
        "start": { "line": 23, "column": 4 },
        "end": { "line": 23, "column": 63 }
      },
      "8": {
        "start": { "line": 25, "column": 21 },
        "end": { "line": 31, "column": null }
      },
      "9": {
        "start": { "line": 34, "column": 2 },
        "end": { "line": 57, "column": 4 }
      },
      "10": {
        "start": { "line": 13, "column": 13 },
        "end": { "line": 13, "column": 35 }
      }
    },
    "fnMap": {
      "0": {
        "name": "(anonymous_2)",
        "decl": {
          "start": { "line": 13, "column": 35 },
          "end": { "line": 13, "column": 36 }
        },
        "loc": {
          "start": { "line": 19, "column": 5 },
          "end": { "line": 58, "column": 1 }
        }
      }
    },
    "branchMap": {
      "0": {
        "loc": {
          "start": { "line": 17, "column": 2 },
          "end": { "line": 17, "column": 13 }
        },
        "type": "default-arg",
        "locations": [
          {
            "start": { "line": 17, "column": 9 },
            "end": { "line": 17, "column": 13 }
          }
        ]
      },
      "1": {
        "loc": {
          "start": { "line": 21, "column": 4 },
          "end": { "line": 21, "column": 68 }
        },
        "type": "binary-expr",
        "locations": [
          {
            "start": { "line": 21, "column": 4 },
            "end": { "line": 21, "column": 62 }
          },
          {
            "start": { "line": 21, "column": 66 },
            "end": { "line": 21, "column": 68 }
          }
        ]
      },
      "2": {
        "loc": {
          "start": { "line": 21, "column": 5 },
          "end": { "line": 21, "column": 31 }
        },
        "type": "binary-expr",
        "locations": [
          {
            "start": { "line": 21, "column": 5 },
            "end": { "line": 21, "column": 25 }
          },
          {
            "start": { "line": 21, "column": 29 },
            "end": { "line": 21, "column": 31 }
          }
        ]
      },
      "3": {
        "loc": {
          "start": { "line": 21, "column": 5 },
          "end": { "line": 21, "column": 25 }
        },
        "type": "cond-expr",
        "locations": [
          {
            "start": { "line": 21, "column": 14 },
            "end": { "line": 21, "column": 16 }
          },
          {
            "start": { "line": 21, "column": 5 },
            "end": { "line": 21, "column": 25 }
          }
        ]
      },
      "4": {
        "loc": {
          "start": { "line": 21, "column": 5 },
          "end": { "line": 21, "column": 16 }
        },
        "type": "binary-expr",
        "locations": [
          {
            "start": { "line": 21, "column": 5 },
            "end": { "line": 21, "column": 16 }
          },
          {
            "start": { "line": 21, "column": 5 },
            "end": { "line": 21, "column": 16 }
          }
        ]
      },
      "5": {
        "loc": {
          "start": { "line": 21, "column": 36 },
          "end": { "line": 21, "column": 61 }
        },
        "type": "binary-expr",
        "locations": [
          {
            "start": { "line": 21, "column": 36 },
            "end": { "line": 21, "column": 55 }
          },
          {
            "start": { "line": 21, "column": 59 },
            "end": { "line": 21, "column": 61 }
          }
        ]
      },
      "6": {
        "loc": {
          "start": { "line": 21, "column": 36 },
          "end": { "line": 21, "column": 55 }
        },
        "type": "cond-expr",
        "locations": [
          {
            "start": { "line": 21, "column": 44 },
            "end": { "line": 21, "column": 46 }
          },
          {
            "start": { "line": 21, "column": 36 },
            "end": { "line": 21, "column": 55 }
          }
        ]
      },
      "7": {
        "loc": {
          "start": { "line": 21, "column": 36 },
          "end": { "line": 21, "column": 46 }
        },
        "type": "binary-expr",
        "locations": [
          {
            "start": { "line": 21, "column": 36 },
            "end": { "line": 21, "column": 46 }
          },
          {
            "start": { "line": 21, "column": 36 },
            "end": { "line": 21, "column": 46 }
          }
        ]
      },
      "8": {
        "loc": {
          "start": { "line": 23, "column": 4 },
          "end": { "line": 23, "column": 63 }
        },
        "type": "cond-expr",
        "locations": [
          {
            "start": { "line": 23, "column": 28 },
            "end": { "line": 23, "column": 54 }
          },
          {
            "start": { "line": 23, "column": 57 },
            "end": { "line": 23, "column": 63 }
          }
        ]
      },
      "9": {
        "loc": {
          "start": { "line": 23, "column": 4 },
          "end": { "line": 23, "column": 25 }
        },
        "type": "binary-expr",
        "locations": [
          {
            "start": { "line": 23, "column": 4 },
            "end": { "line": 23, "column": 13 }
          },
          {
            "start": { "line": 23, "column": 17 },
            "end": { "line": 23, "column": 25 }
          }
        ]
      },
      "10": {
        "loc": {
          "start": { "line": 38, "column": 14 },
          "end": { "line": 38, "column": 38 }
        },
        "type": "cond-expr",
        "locations": [
          {
            "start": { "line": 38, "column": 22 },
            "end": { "line": 38, "column": 30 }
          },
          {
            "start": { "line": 38, "column": 33 },
            "end": { "line": 38, "column": 38 }
          }
        ]
      },
      "11": {
        "loc": {
          "start": { "line": 42, "column": 9 },
          "end": { "line": 53, "column": null }
        },
        "type": "cond-expr",
        "locations": [
          {
            "start": { "line": 43, "column": 10 },
            "end": { "line": 48, "column": null }
          },
          {
            "start": { "line": 51, "column": 10 },
            "end": { "line": 52, "column": null }
          }
        ]
      },
      "12": {
        "loc": {
          "start": { "line": 47, "column": 17 },
          "end": { "line": 47, "column": 63 }
        },
        "type": "cond-expr",
        "locations": [
          {
            "start": { "line": 47, "column": 26 },
            "end": { "line": 47, "column": 30 }
          },
          {
            "start": { "line": 47, "column": 30 },
            "end": { "line": 47, "column": 63 }
          }
        ]
      },
      "13": {
        "loc": {
          "start": { "line": 47, "column": 17 },
          "end": { "line": 47, "column": 30 }
        },
        "type": "binary-expr",
        "locations": [
          {
            "start": { "line": 47, "column": 17 },
            "end": { "line": 47, "column": 30 }
          },
          {
            "start": { "line": 47, "column": 26 },
            "end": { "line": 47, "column": 30 }
          }
        ]
      }
    },
    "s": {
      "0": 1,
      "1": 1,
      "2": 1,
      "3": 1,
      "4": 5,
      "5": 5,
      "6": 5,
      "7": 5,
      "8": 5,
      "9": 5,
      "10": 1
    },
    "f": { "0": 5 },
    "b": {
      "0": [2],
      "1": [5, 0],
      "2": [5, 0],
      "3": [0, 5],
      "4": [5, 5],
      "5": [5, 0],
      "6": [0, 5],
      "7": [5, 5],
      "8": [5, 0],
      "9": [5, 5],
      "10": [1, 4],
      "11": [1, 4],
      "12": [1, 0],
      "13": [1, 1]
    }
  },
  "/Users/ericvascon/Projects/personal/soterrenos/frontend/src/components/Text/index.tsx": {
    "path": "/Users/ericvascon/Projects/personal/soterrenos/frontend/src/components/Text/index.tsx",
    "statementMap": {
      "0": {
        "start": { "line": 2, "column": 0 },
        "end": { "line": 2, "column": 28 }
      },
      "1": {
        "start": { "line": 5, "column": 31 },
        "end": { "line": 52, "column": 1 }
      },
      "2": {
        "start": { "line": 12, "column": 10 },
        "end": { "line": 12, "column": null }
      },
      "3": {
        "start": { "line": 13, "column": 9 },
        "end": { "line": 14, "column": 3 }
      },
      "4": {
        "start": { "line": 15, "column": 18 },
        "end": { "line": 44, "column": null }
      },
      "5": {
        "start": { "line": 47, "column": 2 },
        "end": { "line": 51, "column": 4 }
      },
      "6": {
        "start": { "line": 5, "column": 13 },
        "end": { "line": 5, "column": 31 }
      }
    },
    "fnMap": {
      "0": {
        "name": "(anonymous_2)",
        "decl": {
          "start": { "line": 5, "column": 31 },
          "end": { "line": 5, "column": 32 }
        },
        "loc": {
          "start": { "line": 14, "column": 5 },
          "end": { "line": 52, "column": 1 }
        }
      }
    },
    "branchMap": {
      "0": {
        "loc": {
          "start": { "line": 6, "column": 7 },
          "end": { "line": 6, "column": 22 }
        },
        "type": "default-arg",
        "locations": [
          {
            "start": { "line": 6, "column": 19 },
            "end": { "line": 6, "column": 22 }
          }
        ]
      },
      "1": {
        "loc": {
          "start": { "line": 7, "column": 2 },
          "end": { "line": 7, "column": 15 }
        },
        "type": "default-arg",
        "locations": [
          {
            "start": { "line": 7, "column": 9 },
            "end": { "line": 7, "column": 15 }
          }
        ]
      },
      "2": {
        "loc": {
          "start": { "line": 8, "column": 2 },
          "end": { "line": 8, "column": 19 }
        },
        "type": "default-arg",
        "locations": [
          {
            "start": { "line": 8, "column": 10 },
            "end": { "line": 8, "column": 19 }
          }
        ]
      },
      "3": {
        "loc": {
          "start": { "line": 9, "column": 2 },
          "end": { "line": 9, "column": 19 }
        },
        "type": "default-arg",
        "locations": [
          {
            "start": { "line": 9, "column": 11 },
            "end": { "line": 9, "column": 19 }
          }
        ]
      },
      "4": {
        "loc": {
          "start": { "line": 10, "column": 2 },
          "end": { "line": 10, "column": 16 }
        },
        "type": "default-arg",
        "locations": [
          {
            "start": { "line": 10, "column": 10 },
            "end": { "line": 10, "column": 16 }
          }
        ]
      }
    },
    "s": { "0": 1, "1": 1, "2": 4, "3": 4, "4": 4, "5": 4, "6": 1 },
    "f": { "0": 4 },
    "b": { "0": [4], "1": [0], "2": [0], "3": [0], "4": [4] }
  },
  "/Users/ericvascon/Projects/personal/soterrenos/frontend/src/hooks/useHash/index.tsx": {
    "path": "/Users/ericvascon/Projects/personal/soterrenos/frontend/src/hooks/useHash/index.tsx",
    "statementMap": {
      "0": {
        "start": { "line": 1, "column": 0 },
        "end": { "line": 1, "column": 44 }
      },
      "1": {
        "start": { "line": 3, "column": 16 },
        "end": { "line": 6, "column": 15 }
      },
      "2": {
        "start": { "line": 4, "column": 2 },
        "end": { "line": 6, "column": 15 }
      },
      "3": {
        "start": { "line": 8, "column": 16 },
        "end": { "line": 24, "column": 1 }
      },
      "4": {
        "start": { "line": 9, "column": 26 },
        "end": { "line": 9, "column": 45 }
      },
      "5": {
        "start": { "line": 10, "column": 34 },
        "end": { "line": 10, "column": 49 }
      },
      "6": {
        "start": { "line": 12, "column": 2 },
        "end": { "line": 21, "column": 9 }
      },
      "7": {
        "start": { "line": 13, "column": 4 },
        "end": { "line": 13, "column": 22 }
      },
      "8": {
        "start": { "line": 14, "column": 29 },
        "end": { "line": 16, "column": 5 }
      },
      "9": {
        "start": { "line": 15, "column": 6 },
        "end": { "line": 15, "column": 25 }
      },
      "10": {
        "start": { "line": 17, "column": 4 },
        "end": { "line": 17, "column": 60 }
      },
      "11": {
        "start": { "line": 18, "column": 4 },
        "end": { "line": 20, "column": 6 }
      },
      "12": {
        "start": { "line": 19, "column": 6 },
        "end": { "line": 19, "column": 65 }
      },
      "13": {
        "start": { "line": 23, "column": 2 },
        "end": { "line": 23, "column": 30 }
      },
      "14": {
        "start": { "line": 26, "column": 0 },
        "end": { "line": 26, "column": 23 }
      }
    },
    "fnMap": {
      "0": {
        "name": "(anonymous_0)",
        "decl": {
          "start": { "line": 3, "column": 16 },
          "end": { "line": 3, "column": 19 }
        },
        "loc": {
          "start": { "line": 4, "column": 2 },
          "end": { "line": 6, "column": 15 }
        }
      },
      "1": {
        "name": "(anonymous_1)",
        "decl": {
          "start": { "line": 8, "column": 16 },
          "end": { "line": 8, "column": 19 }
        },
        "loc": {
          "start": { "line": 8, "column": 21 },
          "end": { "line": 24, "column": 1 }
        }
      },
      "2": {
        "name": "(anonymous_2)",
        "decl": {
          "start": { "line": 12, "column": 12 },
          "end": { "line": 12, "column": 15 }
        },
        "loc": {
          "start": { "line": 12, "column": 17 },
          "end": { "line": 21, "column": 3 }
        }
      },
      "3": {
        "name": "(anonymous_3)",
        "decl": {
          "start": { "line": 14, "column": 29 },
          "end": { "line": 14, "column": 32 }
        },
        "loc": {
          "start": { "line": 14, "column": 34 },
          "end": { "line": 16, "column": 5 }
        }
      },
      "4": {
        "name": "(anonymous_4)",
        "decl": {
          "start": { "line": 18, "column": 11 },
          "end": { "line": 18, "column": 14 }
        },
        "loc": {
          "start": { "line": 18, "column": 16 },
          "end": { "line": 20, "column": 5 }
        }
      }
    },
    "branchMap": {
      "0": {
        "loc": {
          "start": { "line": 4, "column": 2 },
          "end": { "line": 6, "column": 15 }
        },
        "type": "cond-expr",
        "locations": [
          {
            "start": { "line": 5, "column": 6 },
            "end": { "line": 5, "column": 63 }
          },
          {
            "start": { "line": 6, "column": 6 },
            "end": { "line": 6, "column": 15 }
          }
        ]
      },
      "1": {
        "loc": {
          "start": { "line": 23, "column": 9 },
          "end": { "line": 23, "column": 29 }
        },
        "type": "cond-expr",
        "locations": [
          {
            "start": { "line": 23, "column": 20 },
            "end": { "line": 23, "column": 24 }
          },
          {
            "start": { "line": 23, "column": 27 },
            "end": { "line": 23, "column": 29 }
          }
        ]
      }
    },
    "s": {
      "0": 1,
      "1": 1,
      "2": 6,
      "3": 1,
      "4": 5,
      "5": 5,
      "6": 5,
      "7": 2,
      "8": 2,
      "9": 1,
      "10": 2,
      "11": 2,
      "12": 2,
      "13": 5,
      "14": 1
    },
    "f": { "0": 6, "1": 5, "2": 2, "3": 1, "4": 2 },
    "b": { "0": [6, 0], "1": [3, 2] }
  },
  "/Users/ericvascon/Projects/personal/soterrenos/frontend/src/hooks/useZipCode/index.tsx": {
    "path": "/Users/ericvascon/Projects/personal/soterrenos/frontend/src/hooks/useZipCode/index.tsx",
    "statementMap": {
      "0": {
        "start": { "line": 1, "column": 0 },
        "end": { "line": 1, "column": 49 }
      },
      "1": {
        "start": { "line": 2, "column": 0 },
        "end": { "line": 2, "column": 54 }
      },
      "2": {
        "start": { "line": 5, "column": 26 },
        "end": { "line": 12, "column": 1 }
      },
      "3": {
        "start": { "line": 6, "column": 2 },
        "end": { "line": 11, "column": 5 }
      },
      "4": {
        "start": { "line": 8, "column": 19 },
        "end": { "line": 8, "column": 40 }
      },
      "5": {
        "start": { "line": 5, "column": 13 },
        "end": { "line": 5, "column": 26 }
      }
    },
    "fnMap": {
      "0": {
        "name": "(anonymous_0)",
        "decl": {
          "start": { "line": 5, "column": 26 },
          "end": { "line": 5, "column": 27 }
        },
        "loc": {
          "start": { "line": 5, "column": 46 },
          "end": { "line": 12, "column": 1 }
        }
      },
      "1": {
        "name": "(anonymous_1)",
        "decl": {
          "start": { "line": 8, "column": 13 },
          "end": { "line": 8, "column": 16 }
        },
        "loc": {
          "start": { "line": 8, "column": 19 },
          "end": { "line": 8, "column": 40 }
        }
      }
    },
    "branchMap": {
      "0": {
        "loc": {
          "start": { "line": 9, "column": 13 },
          "end": { "line": 9, "column": 46 }
        },
        "type": "binary-expr",
        "locations": [
          {
            "start": { "line": 9, "column": 13 },
            "end": { "line": 9, "column": 22 }
          },
          {
            "start": { "line": 9, "column": 26 },
            "end": { "line": 9, "column": 46 }
          }
        ]
      }
    },
    "s": { "0": 1, "1": 1, "2": 1, "3": 5, "4": 2, "5": 1 },
    "f": { "0": 5, "1": 2 },
    "b": { "0": [5, 5] }
  },
  "/Users/ericvascon/Projects/personal/soterrenos/frontend/src/services/helper-test.ts": {
    "path": "/Users/ericvascon/Projects/personal/soterrenos/frontend/src/services/helper-test.ts",
    "statementMap": {
      "0": {
        "start": { "line": 4, "column": 0 },
        "end": { "line": 4, "column": 19 }
      },
      "1": {
        "start": { "line": 1, "column": 0 },
        "end": { "line": 1, "column": 45 }
      },
      "2": {
        "start": { "line": 5, "column": 13 },
        "end": { "line": 5, "column": 62 }
      },
      "3": {
        "start": { "line": 12, "column": 13 },
        "end": { "line": 12, "column": 48 }
      },
      "4": {
        "start": { "line": 13, "column": 13 },
        "end": { "line": 15, "column": 14 }
      },
      "5": {
        "start": { "line": 17, "column": 13 },
        "end": { "line": 47, "column": 30 }
      },
      "6": {
        "start": { "line": 21, "column": 8 },
        "end": { "line": 21, "column": 63 }
      },
      "7": {
        "start": { "line": 22, "column": 8 },
        "end": { "line": 22, "column": 17 }
      },
      "8": {
        "start": { "line": 31, "column": 10 },
        "end": { "line": 31, "column": 66 }
      },
      "9": {
        "start": { "line": 32, "column": 10 },
        "end": { "line": 32, "column": 60 }
      },
      "10": {
        "start": { "line": 33, "column": 10 },
        "end": { "line": 33, "column": 19 }
      },
      "11": {
        "start": { "line": 49, "column": 1 },
        "end": { "line": 49, "column": 63 }
      }
    },
    "fnMap": {
      "0": {
        "name": "(anonymous_1)",
        "decl": {
          "start": { "line": 20, "column": 19 },
          "end": { "line": 20, "column": 20 }
        },
        "loc": {
          "start": { "line": 20, "column": 72 },
          "end": { "line": 23, "column": 7 }
        }
      },
      "1": {
        "name": "(anonymous_2)",
        "decl": {
          "start": { "line": 27, "column": 8 },
          "end": { "line": 27, "column": null }
        },
        "loc": {
          "start": { "line": 30, "column": 20 },
          "end": { "line": 34, "column": 9 }
        }
      }
    },
    "branchMap": {},
    "s": {
      "0": 2,
      "1": 2,
      "2": 2,
      "3": 2,
      "4": 2,
      "5": 2,
      "6": 15,
      "7": 15,
      "8": 15,
      "9": 15,
      "10": 15,
      "11": 2
    },
    "f": { "0": 15, "1": 15 },
    "b": {}
  },
  "/Users/ericvascon/Projects/personal/soterrenos/frontend/src/services/index.ts": {
    "path": "/Users/ericvascon/Projects/personal/soterrenos/frontend/src/services/index.ts",
    "statementMap": {
      "0": {
        "start": { "line": 1, "column": 0 },
        "end": { "line": 1, "column": 80 }
      },
      "1": {
        "start": { "line": 2, "column": 0 },
        "end": { "line": 2, "column": 34 }
      },
      "2": {
        "start": { "line": 12, "column": 4 },
        "end": { "line": 18, "column": 7 }
      },
      "3": {
        "start": { "line": 19, "column": 4 },
        "end": { "line": 19, "column": 29 }
      },
      "4": {
        "start": { "line": 23, "column": 4 },
        "end": { "line": 29, "column": 7 }
      },
      "5": {
        "start": { "line": 24, "column": 20 },
        "end": { "line": 24, "column": 58 }
      },
      "6": {
        "start": { "line": 25, "column": 6 },
        "end": { "line": 27, "column": 7 }
      },
      "7": {
        "start": { "line": 26, "column": 8 },
        "end": { "line": 26, "column": 58 }
      },
      "8": {
        "start": { "line": 28, "column": 6 },
        "end": { "line": 28, "column": 21 }
      },
      "9": {
        "start": { "line": 31, "column": 4 },
        "end": { "line": 39, "column": 6 }
      },
      "10": {
        "start": { "line": 32, "column": 20 },
        "end": { "line": 32, "column": 28 }
      },
      "11": {
        "start": { "line": 34, "column": 8 },
        "end": { "line": 36, "column": 9 }
      },
      "12": {
        "start": { "line": 35, "column": 10 },
        "end": { "line": 35, "column": 37 }
      },
      "13": {
        "start": { "line": 37, "column": 8 },
        "end": { "line": 37, "column": 37 }
      },
      "14": {
        "start": { "line": 46, "column": 4 },
        "end": { "line": 46, "column": 41 }
      },
      "15": {
        "start": { "line": 54, "column": 4 },
        "end": { "line": 54, "column": 48 }
      },
      "16": {
        "start": { "line": 62, "column": 4 },
        "end": { "line": 62, "column": 47 }
      },
      "17": {
        "start": { "line": 70, "column": 4 },
        "end": { "line": 70, "column": 49 }
      },
      "18": {
        "start": { "line": 78, "column": 20 },
        "end": { "line": 78, "column": 38 }
      },
      "19": {
        "start": { "line": 79, "column": 4 },
        "end": { "line": 79, "column": 45 }
      },
      "20": {
        "start": { "line": 86, "column": 4 },
        "end": { "line": 86, "column": 48 }
      },
      "21": {
        "start": { "line": 94, "column": 4 },
        "end": { "line": 94, "column": 55 }
      },
      "22": {
        "start": { "line": 102, "column": 4 },
        "end": { "line": 102, "column": 54 }
      },
      "23": {
        "start": { "line": 110, "column": 4 },
        "end": { "line": 110, "column": 56 }
      },
      "24": {
        "start": { "line": 114, "column": 0 },
        "end": { "line": 114, "column": 27 }
      }
    },
    "fnMap": {
      "0": {
        "name": "(anonymous_8)",
        "decl": {
          "start": { "line": 11, "column": 2 },
          "end": { "line": 11, "column": 14 }
        },
        "loc": {
          "start": { "line": 11, "column": 29 },
          "end": { "line": 20, "column": 3 }
        }
      },
      "1": {
        "name": "(anonymous_9)",
        "decl": {
          "start": { "line": 22, "column": 10 },
          "end": { "line": 22, "column": 27 }
        },
        "loc": {
          "start": { "line": 22, "column": 27 },
          "end": { "line": 40, "column": 3 }
        }
      },
      "2": {
        "name": "(anonymous_10)",
        "decl": {
          "start": { "line": 23, "column": 39 },
          "end": { "line": 23, "column": 40 }
        },
        "loc": {
          "start": { "line": 23, "column": 51 },
          "end": { "line": 29, "column": 5 }
        }
      },
      "3": {
        "name": "(anonymous_11)",
        "decl": {
          "start": { "line": 32, "column": 6 },
          "end": { "line": 32, "column": 7 }
        },
        "loc": {
          "start": { "line": 32, "column": 20 },
          "end": { "line": 32, "column": 28 }
        }
      },
      "4": {
        "name": "(anonymous_12)",
        "decl": {
          "start": { "line": 33, "column": 6 },
          "end": { "line": 33, "column": 7 }
        },
        "loc": {
          "start": { "line": 33, "column": 16 },
          "end": { "line": 38, "column": 7 }
        }
      },
      "5": {
        "name": "(anonymous_13)",
        "decl": {
          "start": { "line": 42, "column": 15 },
          "end": { "line": 42, "column": 18 }
        },
        "loc": {
          "start": { "line": 44, "column": 31 },
          "end": { "line": 47, "column": null }
        }
      },
      "6": {
        "name": "(anonymous_15)",
        "decl": {
          "start": { "line": 49, "column": 15 },
          "end": { "line": 49, "column": 19 }
        },
        "loc": {
          "start": { "line": 52, "column": 31 },
          "end": { "line": 55, "column": null }
        }
      },
      "7": {
        "name": "(anonymous_17)",
        "decl": {
          "start": { "line": 57, "column": 15 },
          "end": { "line": 57, "column": 18 }
        },
        "loc": {
          "start": { "line": 60, "column": 31 },
          "end": { "line": 63, "column": null }
        }
      },
      "8": {
        "name": "(anonymous_19)",
        "decl": {
          "start": { "line": 65, "column": 15 },
          "end": { "line": 65, "column": 20 }
        },
        "loc": {
          "start": { "line": 68, "column": 31 },
          "end": { "line": 71, "column": null }
        }
      },
      "9": {
        "name": "(anonymous_21)",
        "decl": {
          "start": { "line": 77, "column": 2 },
          "end": { "line": 77, "column": 14 }
        },
        "loc": {
          "start": { "line": 77, "column": 30 },
          "end": { "line": 80, "column": 3 }
        }
      },
      "10": {
        "name": "(anonymous_22)",
        "decl": {
          "start": { "line": 82, "column": 15 },
          "end": { "line": 82, "column": 18 }
        },
        "loc": {
          "start": { "line": 84, "column": 31 },
          "end": { "line": 87, "column": null }
        }
      },
      "11": {
        "name": "(anonymous_24)",
        "decl": {
          "start": { "line": 89, "column": 15 },
          "end": { "line": 89, "column": 19 }
        },
        "loc": {
          "start": { "line": 92, "column": 31 },
          "end": { "line": 95, "column": null }
        }
      },
      "12": {
        "name": "(anonymous_26)",
        "decl": {
          "start": { "line": 97, "column": 15 },
          "end": { "line": 97, "column": 18 }
        },
        "loc": {
          "start": { "line": 100, "column": 31 },
          "end": { "line": 103, "column": null }
        }
      },
      "13": {
        "name": "(anonymous_28)",
        "decl": {
          "start": { "line": 105, "column": 15 },
          "end": { "line": 105, "column": 20 }
        },
        "loc": {
          "start": { "line": 108, "column": 31 },
          "end": { "line": 111, "column": null }
        }
      }
    },
    "branchMap": {
      "0": {
        "loc": {
          "start": { "line": 25, "column": 6 },
          "end": { "line": 27, "column": 7 }
        },
        "type": "if",
        "locations": [
          {
            "start": { "line": 25, "column": 6 },
            "end": { "line": 27, "column": 7 }
          }
        ]
      },
      "1": {
        "loc": {
          "start": { "line": 34, "column": 8 },
          "end": { "line": 36, "column": 9 }
        },
        "type": "if",
        "locations": [
          {
            "start": { "line": 34, "column": 8 },
            "end": { "line": 36, "column": 9 }
          }
        ]
      },
      "2": {
        "loc": {
          "start": { "line": 34, "column": 12 },
          "end": { "line": 34, "column": 34 }
        },
        "type": "cond-expr",
        "locations": [
          {
            "start": { "line": 34, "column": 26 },
            "end": { "line": 34, "column": 28 }
          },
          {
            "start": { "line": 34, "column": 26 },
            "end": { "line": 34, "column": 34 }
          }
        ]
      },
      "3": {
        "loc": {
          "start": { "line": 34, "column": 12 },
          "end": { "line": 34, "column": 28 }
        },
        "type": "binary-expr",
        "locations": [
          {
            "start": { "line": 34, "column": 12 },
            "end": { "line": 34, "column": 28 }
          },
          {
            "start": { "line": 34, "column": 26 },
            "end": { "line": 34, "column": 28 }
          }
        ]
      }
    },
    "s": {
      "0": 3,
      "1": 3,
      "2": 16,
      "3": 16,
      "4": 16,
      "5": 2,
      "6": 2,
      "7": 1,
      "8": 2,
      "9": 16,
      "10": 0,
      "11": 2,
      "12": 1,
      "13": 2,
      "14": 4,
      "15": 2,
      "16": 2,
      "17": 2,
      "18": 16,
      "19": 16,
      "20": 4,
      "21": 2,
      "22": 2,
      "23": 2,
      "24": 3
    },
    "f": {
      "0": 16,
      "1": 16,
      "2": 2,
      "3": 0,
      "4": 2,
      "5": 4,
      "6": 2,
      "7": 2,
      "8": 2,
      "9": 16,
      "10": 4,
      "11": 2,
      "12": 2,
      "13": 2
    },
    "b": { "0": [1], "1": [1], "2": [0, 2], "3": [2, 2] }
  },
  "/Users/ericvascon/Projects/personal/soterrenos/frontend/src/services/zipCode/index.ts": {
    "path": "/Users/ericvascon/Projects/personal/soterrenos/frontend/src/services/zipCode/index.ts",
    "statementMap": {
      "0": {
        "start": { "line": 1, "column": 0 },
        "end": { "line": 1, "column": 29 }
      },
      "1": {
        "start": { "line": 4, "column": 23 },
        "end": { "line": 4, "column": 45 }
      },
      "2": {
        "start": { "line": 6, "column": 28 },
        "end": { "line": 9, "column": 2 }
      },
      "3": {
        "start": { "line": 6, "column": 77 },
        "end": { "line": 9, "column": 2 }
      },
      "4": {
        "start": { "line": 7, "column": 19 },
        "end": { "line": 7, "column": 78 }
      },
      "5": {
        "start": { "line": 8, "column": 2 },
        "end": { "line": 8, "column": 14 }
      },
      "6": {
        "start": { "line": 6, "column": 13 },
        "end": { "line": 6, "column": 28 }
      }
    },
    "fnMap": {
      "0": {
        "name": "(anonymous_8)",
        "decl": {
          "start": { "line": 6, "column": 28 },
          "end": { "line": 6, "column": 35 }
        },
        "loc": {
          "start": { "line": 6, "column": 77 },
          "end": { "line": 9, "column": 2 }
        }
      },
      "1": {
        "name": "(anonymous_9)",
        "decl": {
          "start": { "line": 6, "column": 77 },
          "end": { "line": 6, "column": null }
        },
        "loc": {
          "start": { "line": 6, "column": 77 },
          "end": { "line": 9, "column": 1 }
        }
      }
    },
    "branchMap": {},
    "s": { "0": 2, "1": 2, "2": 2, "3": 2, "4": 2, "5": 1, "6": 2 },
    "f": { "0": 2, "1": 2 },
    "b": {}
  }
}
